<?xml version="1.0" encoding="UTF-8"?>
<testsuite xmlns:xsi="http://www.w3.org/2001/XMLSchema-instance" xsi:noNamespaceSchemaLocation="https://maven.apache.org/surefire/maven-surefire-plugin/xsd/surefire-test-report-3.0.xsd" version="3.0" name="runner.TestRunner" time="183.787" tests="2" errors="0" skipped="0" failures="0">
  <properties>
[...]
</properties>
  <testcase name="TC01.1 The user is directed to &quot;Play Station&quot; results" classname="TC01 Search for products on Liverpool Page" time="98.668">
    <system-out><![CDATA[
@regression @sr1
Scenario: TC01.1 The user is directed to "Play Station" results                                              # src/test/resources/features/regression/RegressionTest.feature:7
Inicializando WebDriver desde Hooks...
✅ PASÓ
  Given The Client navigate to home-page                                                                     # steps.RegressionSteps.iNavigateToLiverpoolHome(java.lang.String)
  When The Client write playstation in the searchbar                                                         # steps.RegressionSteps.writeText(java.lang.String,java.lang.String)
DEBUG: Typing enter on searchbar
DEBUG: Timeout al esperar la carga de la página
  And The Client type ENTER                                                                                  # steps.RegressionSteps.iTypeEnter()
DEBUG: Verificando resultados de playstation, consolas o playstation 5
DEBUG: Buscando elemento con XPath: (//img[@id='mainBanner'])[2]
Image found with keyword: consola playstation liverpool
  Then The Client verify that the results displayed include games for PlayStation 5 and PlayStation consoles # steps.RegressionSteps.verifyResults()
DEBUG: Click normal ejecutado
  And The Client selects a console in the results listed                                                     # steps.RegressionSteps.clickConsoles(java.lang.String)
DEBUG: Click normal ejecutado
  And The Client selects a ps5 in the results                                                                # steps.RegressionSteps.clickPlaystation5(java.lang.String)
DEBUG: Click normal ejecutado
  And The Client clicks on button add to cart                                                                # steps.RegressionSteps.clickAddCart(java.lang.String)
DEBUG: Click normal ejecutado
  And The Client clicks add warranty                                                                         # steps.RegressionSteps.addWarranty(java.lang.String)
DEBUG: Haciendo click en el boton de ir al carrito de compras
DEBUG: Esperando que desaparezca el modal...
DEBUG: Click normal ejecutado
  And The Client goes to see the shopping-cart                                                               # steps.RegressionSteps.shoppingCart(java.lang.String)
DEBUG: Buscando elemento con XPath: (//div[@class='o-myBag__description'])[1]
✅ Producto encontrado: Consola PS5 de 1 TB edición bundle
Color: Blanco,
Comprar ahora
Eliminar
  Then The Client must be able to see the playstation 5 on the shopping cart                                 # steps.RegressionSteps.verifyProductInShoppingCart()
]]></system-out>
    <system-err><![CDATA[may 12, 2025 8:49:43 A.M. org.openqa.selenium.devtools.CdpVersionFinder findNearestMatch
ADVERTENCIA: Unable to find an exact match for CDP version 136, returning the closest version; found: 133; Please update to a Selenium version that supports CDP version 136
]]></system-err>
  </testcase>
  <testcase name="TC01.2 The user is directed to &quot;Smart TV&quot; results" classname="TC01 Search for products on Liverpool Page" time="83.459">
    <system-out><![CDATA[
@regression @sr2
Scenario: TC01.2 The user is directed to "Smart TV" results                            # src/test/resources/features/regression/RegressionTest.feature:19
Inicializando WebDriver desde Hooks...
✅ PASÓ
  Given The Client navigate to home-page                                               # steps.RegressionSteps.iNavigateToLiverpoolHome(java.lang.String)
  When The Client search for smart-tv in the searchbar                                 # steps.RegressionSteps.searchForSmartTv(java.lang.String,java.lang.String)
DEBUG: Typing enter on searchbar
DEBUG: Timeout al esperar la carga de la página
DEBUG: Haciendo click y redirigiendo a la pagina de Smart-tv
  And The Client type ENTER on searchbar                                               # steps.RegressionSteps.typeEnter()
DEBUG: Buscando elemento con XPath: //button[contains(@class, 'a-title__filter')]//label[contains(translate(text(),'ÁÉÍÓÚáéíóúÑñ','AEIOUaeiouNn'), 'Tamano')]
DEBUG: Verificando que aparezca el filtro de Tamaño
DEBUG: Buscando elemento con XPath: //button[contains(@class, 'a-title__filter')]//label[contains(translate(text(),'ÁÉÍÓÚáéíóúÑñ','AEIOUaeiouNn'), 'Precios')]
DEBUG: Verificando que aparezca el filtro de Precios
  Then The Client validate that the Size and Price filters are displayed               # steps.RegressionSteps.validateFiltersDisplayed()
DEBUG: Haciendo scroll hacia la sección de Precios
DEBUG: Forzando visibilidad del filtro 'Mas de $10,000'
DEBUG: Aplicando filtro de precio > $10,000
DEBUG: Timeout al esperar la carga de la página
DEBUG: Haciendo scroll hacia la sección de Marcas
DEBUG: Aplicando filtro de marca - Sony
DEBUG: Aplicando filtro de marca SONY
DEBUG: Timeout al esperar la carga de la página
DEBUG: Filtro de marcas aplicado correctamente
DEBUG: Haciendo scroll hacia la sección de Tamaño
DEBUG: Aplicando filtro de tamaño - 55 pulgadas
DEBUG: Aplicando filtro de tamaño - 55 pulgadas
DEBUG: Timeout al esperar la carga de la página
DEBUG: Filtro de tamaño aplicado correctamente
Todos los filtros aplicados - Sony, > $10,000, 55 pulgadas
  When The Client filters the results by size: 55 inches, price: > 10,000, brand: sony # steps.RegressionSteps.filterResultsByMultipleOptions()
Se encontraron 13 productos tras aplicar los filtros.
  Then The Client validate the results count                                           # steps.RegressionSteps.validateResultCount()
]]></system-out>
    <system-err><![CDATA[may 12, 2025 8:51:18 A.M. org.openqa.selenium.devtools.CdpVersionFinder findNearestMatch
ADVERTENCIA: Unable to find an exact match for CDP version 136, returning the closest version; found: 133; Please update to a Selenium version that supports CDP version 136
]]></system-err>
  </testcase>
</testsuite>